Arguments: 
  /usr/bin/node /mnt/c/Users/Mercer/AppData/Roaming/npm/node_modules/yarn/bin/yarn.js add twilil

PATH: 
  /home/mercer/.vscode-server/bin/3866c3553be8b268c8a7f8c0482c0c0177aa8bfa/bin:/usr/local/sbin:/usr/local/bin:/usr/sbin:/usr/bin:/sbin:/bin:/usr/games:/usr/local/games:/mnt/c/Program Files/Alacritty/:/mnt/c/Program Files (x86)/Razer/ChromaBroadcast/bin:/mnt/c/Program Files/Razer/ChromaBroadcast/bin:/mnt/c/Program Files (x86)/Razer Chroma SDK/bin:/mnt/c/Program Files/Razer Chroma SDK/bin:/mnt/c/ProgramData/Anaconda3:/mnt/c/ProgramData/Anaconda3/Library/mingw-w64/bin:/mnt/c/ProgramData/Anaconda3/Library/usr/bin:/mnt/c/ProgramData/Anaconda3/Library/bin:/mnt/c/ProgramData/Anaconda3/Scripts:/mnt/c/Program Files (x86)/Common Files/Oracle/Java/javapath:/mnt/c/ProgramData/Oracle/Java/javapath:/mnt/c/Program Files (x86)/Intel/iCLS Client/:/mnt/c/Program Files/Intel/iCLS Client/:/mnt/c/WINDOWS/system32:/mnt/c/WINDOWS:/mnt/c/WINDOWS/System32/Wbem:/mnt/c/WINDOWS/System32/WindowsPowerShell/v1.0/:/mnt/c/Program Files/Intel/Intel(R) Management Engine Components/DAL:/mnt/c/Program Files (x86)/Intel/Intel(R) Management Engine Components/DAL:/mnt/c/Program Files/Intel/Intel(R) Management Engine Components/IPT:/mnt/c/Program Files (x86)/Intel/Intel(R) Management Engine Components/IPT:/mnt/c/Users/Mercer/.dnx/bin:/mnt/c/Program Files/Microsoft DNX/Dnvm/:/mnt/c/Program Files/Microsoft SQL Server/130/Tools/Binn/:/mnt/c/Program Files/dotnet/:/mnt/c/Program Files (x86)/CMake/bin:/mnt/c/WINDOWS/System32/OpenSSH/:/mnt/c/PostgreSQL/pg10/bin:/mnt/c/Program Files/Microsoft VS Code/bin:/mnt/c/Program Files/Java/jdk-11.0.1/bin:/mnt/c/Users/Mercer/Programs/chromedriver_win32:/mnt/c/Users/Mercer/Programs/leiningen:/mnt/c/Program Files/Microsoft SQL Server/Client SDK/ODBC/170/Tools/Binn/:/mnt/c/Users/Mercer/AppData/Local/Programs/Python/Python36-32:/mnt/c/Users/Mercer/AppData/Local/Microsoft/WindowsApps:/mnt/c/Program Files/heroku/bin:/mnt/c/Users/Mercer/AppData/Roaming/npm:/mnt/c/Users/Mercer/AppData/Local/Yarn/bin:/mnt/c/Users/Mercer/AppData/Local/hyper/app-2.1.2/resources/bin:/mnt/c/Program Files/Docker Toolbox:/mnt/c/Users/Mercer/Downloads/flyway-commandline-6.3.3-windows-x64/flyway-6.3.3:/mnt/c/Users/Mercer/.dotnet/tools:/mnt/c/Users/Mercer/AppData/Local/hyper/app-3.0.2/resources/bin:/mnt/c/Program Files/JetBrains/IntelliJ IDEA Community Edition 2020.1.2/bin:/mnt/c/Program Files (x86)/NVIDIA Corporation/PhysX/Common:/mnt/c/Program Files/nodejs/:/mnt/c/Program Files (x86)/dotnet/:/mnt/c/WINDOWS/system32:/mnt/c/WINDOWS:/mnt/c/WINDOWS/System32/Wbem:/mnt/c/WINDOWS/System32/WindowsPowerShell/v1.0/:/mnt/c/WINDOWS/System32/OpenSSH/:/mnt/c/Program Files/erl10.3/bin:/mnt/c/Program Files (x86)/Elixir/bin:/mnt/c/WINDOWS/system32/config/systemprofile/.mix/escripts:/mnt/c/Program Files/Go/bin:/mnt/c/Strawberry/c/bin:/mnt/c/Strawberry/perl/site/bin:/mnt/c/Strawberry/perl/bin:/mnt/c/Program Files/Docker/Docker/resources/bin:/mnt/c/ProgramData/DockerDesktop/version-bin:/mnt/c/Program Files/Git/cmd:/mnt/c/Users/Mercer/.cargo/bin:/mnt/c/Users/Mercer/AppData/Local/Programs/Python/Python36-32:/mnt/c/Users/Mercer/AppData/Local/Microsoft/WindowsApps:/mnt/c/Program Files/Microsoft VS Code/bin:/mnt/c/Program Files/heroku/bin:/mnt/c/Users/Mercer/.dotnet/tools:/mnt/c/Users/Mercer/AppData/Local/Microsoft/WindowsApps:/mnt/c/Users/Mercer/AppData/Local/hyper/app-3.0.2/resources/bin:/mnt/c/Program Files/JetBrains/IntelliJ IDEA Community Edition 2020.1.2/bin:/mnt/c/Users/Mercer/AppData/Roaming/npm:/mnt/c/Users/Mercer/.dotnet/tools:/mnt/c/Users/Mercer/go/bin:/mnt/c/Users/Mercer/AppData/Local/Programs/MiKTeX/miktex/bin/x64/

Yarn version: 
  1.22.10

Node version: 
  14.17.5

Platform: 
  linux x64

Trace: 
  Error: https://registry.yarnpkg.com/twilil: Not found
      at Request.params.callback [as _callback] (/mnt/c/Users/Mercer/AppData/Roaming/npm/node_modules/yarn/lib/cli.js:66988:18)
      at Request.self.callback (/mnt/c/Users/Mercer/AppData/Roaming/npm/node_modules/yarn/lib/cli.js:140662:22)
      at Request.emit (events.js:400:28)
      at Request.<anonymous> (/mnt/c/Users/Mercer/AppData/Roaming/npm/node_modules/yarn/lib/cli.js:141634:10)
      at Request.emit (events.js:400:28)
      at IncomingMessage.<anonymous> (/mnt/c/Users/Mercer/AppData/Roaming/npm/node_modules/yarn/lib/cli.js:141556:12)
      at Object.onceWrapper (events.js:519:28)
      at IncomingMessage.emit (events.js:412:35)
      at endReadableNT (internal/streams/readable.js:1317:12)
      at processTicksAndRejections (internal/process/task_queues.js:82:21)

npm manifest: 
  {
    "name": "stockhunter",
    "version": "1.0.0",
    "main": "index.js",
    "license": "MIT",
    "type": "module",
    "dependencies": {
      "node-fetch": "^3.0.0",
      "node-json-db": "^1.4.1"
    }
  }

yarn manifest: 
  No manifest

Lockfile: 
  # THIS IS AN AUTOGENERATED FILE. DO NOT EDIT THIS FILE DIRECTLY.
  # yarn lockfile v1
  
  
  data-uri-to-buffer@^3.0.1:
    version "3.0.1"
    resolved "https://registry.yarnpkg.com/data-uri-to-buffer/-/data-uri-to-buffer-3.0.1.tgz#594b8973938c5bc2c33046535785341abc4f3636"
    integrity sha512-WboRycPNsVw3B3TL559F7kuBUM4d8CgMEvk6xEJlOp7OBPjt6G7z8WMWlD2rOFZLk6OYfFIUGsCOWzcQH9K2og==
  
  fetch-blob@^3.1.2:
    version "3.1.2"
    resolved "https://registry.yarnpkg.com/fetch-blob/-/fetch-blob-3.1.2.tgz#6bc438675f3851ecea51758ac91f6a1cd1bacabd"
    integrity sha512-hunJbvy/6OLjCD0uuhLdp0mMPzP/yd2ssd1t2FCJsaA7wkWhpbp9xfuNVpv7Ll4jFhzp6T4LAupSiV9uOeg0VQ==
    dependencies:
      web-streams-polyfill "^3.0.3"
  
  mkdirp@~1.0.4:
    version "1.0.4"
    resolved "https://registry.yarnpkg.com/mkdirp/-/mkdirp-1.0.4.tgz#3eb5ed62622756d79a5f0e2a221dfebad75c2f7e"
    integrity sha512-vVqVZQyf3WLx2Shd0qJ9xuvqgAyKPLAiqITEtqW0oIUjzo3PePDd6fW9iFz30ef7Ysp/oiWqbhszeGWW2T6Gzw==
  
  node-fetch@^3.0.0:
    version "3.0.0"
    resolved "https://registry.yarnpkg.com/node-fetch/-/node-fetch-3.0.0.tgz#79da7146a520036f2c5f644e4a26095f17e411ea"
    integrity sha512-bKMI+C7/T/SPU1lKnbQbwxptpCrG9ashG+VkytmXCPZyuM9jB6VU+hY0oi4lC8LxTtAeWdckNCTa3nrGsAdA3Q==
    dependencies:
      data-uri-to-buffer "^3.0.1"
      fetch-blob "^3.1.2"
  
  node-json-db@^1.4.1:
    version "1.4.1"
    resolved "https://registry.yarnpkg.com/node-json-db/-/node-json-db-1.4.1.tgz#d5d0898b97902d7ffa6e082c3fe414582fcb363e"
    integrity sha512-hyfnBtuN3kb88SMmDgVil53Frygx+yYkVi6t10VjpEsPseuMI8+gT+FF37DOcyGCr/1wq6qNIr5PnFimCDlzfA==
    dependencies:
      mkdirp "~1.0.4"
  
  web-streams-polyfill@^3.0.3:
    version "3.1.1"
    resolved "https://registry.yarnpkg.com/web-streams-polyfill/-/web-streams-polyfill-3.1.1.tgz#1516f2d4ea8f1bdbfed15eb65cb2df87098c8364"
    integrity sha512-Czi3fG883e96T4DLEPRvufrF2ydhOOW1+1a6c3gNjH2aIh50DNFBdfwh2AKoOf1rXvpvavAoA11Qdq9+BKjE0Q==
